<?xml version="1.0" encoding="UTF-8"?>
<testng-results ignored="0" total="2" passed="2" failed="0" skipped="0">
  <reporter-output>
  </reporter-output>
  <suite started-at="2024-08-22T22:09:42 IST" name="Suite" finished-at="2024-08-22T22:10:29 IST" duration-ms="46475">
    <groups>
    </groups>
    <test started-at="2024-08-22T22:09:42 IST" name="Test" finished-at="2024-08-22T22:10:29 IST" duration-ms="46475">
      <class name="assignment.GermanyisCalling">
        <test-method signature="Test1()[pri:0, instance:assignment.GermanyisCalling@49e53c76]" started-at="2024-08-22T22:09:43 IST" name="Test1" finished-at="2024-08-22T22:10:13 IST" duration-ms="30178" status="PASS">
          <reporter-output>
          </reporter-output>
        </test-method> <!-- Test1 -->
        <test-method signature="Test2()[pri:0, instance:assignment.GermanyisCalling@49e53c76]" started-at="2024-08-22T22:10:13 IST" name="Test2" finished-at="2024-08-22T22:10:29 IST" duration-ms="16144" status="PASS">
          <reporter-output>
          </reporter-output>
        </test-method> <!-- Test2 -->
      </class> <!-- assignment.GermanyisCalling -->
    </test> <!-- Test -->
  </suite> <!-- Suite -->
</testng-results>
