<?xml version="1.0" encoding="UTF-8"?>
<testng-results ignored="0" total="1" passed="1" failed="0" skipped="0">
  <reporter-output>
  </reporter-output>
  <suite started-at="2024-08-22T22:41:14 IST" name="Default suite" finished-at="2024-08-22T22:42:02 IST" duration-ms="48401">
    <groups>
    </groups>
    <test started-at="2024-08-22T22:41:14 IST" name="Default test" finished-at="2024-08-22T22:42:02 IST" duration-ms="48401">
      <class name="assignment.GermanyisCalling">
        <test-method signature="Test1()[pri:0, instance:assignment.GermanyisCalling@59662a0b]" started-at="2024-08-22T22:41:14 IST" name="Test1" finished-at="2024-08-22T22:42:02 IST" duration-ms="48224" status="PASS">
          <reporter-output>
          </reporter-output>
        </test-method> <!-- Test1 -->
      </class> <!-- assignment.GermanyisCalling -->
    </test> <!-- Default test -->
  </suite> <!-- Default suite -->
</testng-results>
